-------------------------------------------------------------------------------
Test set: com.G1.DemoApplicationTests
-------------------------------------------------------------------------------
Tests run: 1, Failures: 0, Errors: 1, Skipped: 0, Time elapsed: 0.407 s <<< FAILURE! - in com.G1.DemoApplicationTests
com.G1.DemoApplicationTests  Time elapsed: 0.406 s  <<< ERROR!
java.lang.NullPointerException: Cannot invoke "java.lang.Class.getName()" because "found" is null

